{"level":"info","message":"Wed Oct 25 2017 17:48:30 GMT+0800 (CST) Executing (default): CREATE TABLE IF NOT EXISTS `Users` (`id` INTEGER auto_increment , `name` VARCHAR(255) NOT NULL, `password` VARCHAR(255) NOT NULL, `email` VARCHAR(255) NOT NULL UNIQUE, `created_at` DATETIME NOT NULL, `updated_at` DATETIME NOT NULL, UNIQUE `Users_email_unique` (`email`), PRIMARY KEY (`id`)) ENGINE=InnoDB;","timestamp":"2017-10-25T09:48:30.174Z"}
{"level":"info","message":"Wed Oct 25 2017 17:48:30 GMT+0800 (CST) Executing (default): SHOW INDEX FROM `Users`","timestamp":"2017-10-25T09:48:30.178Z"}
{"level":"info","message":"Wed Oct 25 2017 17:48:30 GMT+0800 (CST) Executing (default): CREATE TABLE IF NOT EXISTS `Tasks` (`id` INTEGER auto_increment , `title` VARCHAR(255) NOT NULL, `done` TINYINT(1) NOT NULL DEFAULT false, `created_at` DATETIME NOT NULL, `updated_at` DATETIME NOT NULL, `user_id` INTEGER, PRIMARY KEY (`id`), FOREIGN KEY (`user_id`) REFERENCES `Users` (`id`) ON DELETE SET NULL ON UPDATE CASCADE) ENGINE=InnoDB;","timestamp":"2017-10-25T09:48:30.183Z"}
{"level":"info","message":"Wed Oct 25 2017 17:48:30 GMT+0800 (CST) Executing (default): SHOW INDEX FROM `Tasks`","timestamp":"2017-10-25T09:48:30.227Z"}
{"level":"info","message":"Wed Oct 25 2017 17:49:17 GMT+0800 (CST) Executing (default): CREATE TABLE IF NOT EXISTS `Users` (`id` INTEGER auto_increment , `name` VARCHAR(255) NOT NULL, `password` VARCHAR(255) NOT NULL, `email` VARCHAR(255) NOT NULL UNIQUE, `created_at` DATETIME NOT NULL, `updated_at` DATETIME NOT NULL, UNIQUE `Users_email_unique` (`email`), PRIMARY KEY (`id`)) ENGINE=InnoDB;","timestamp":"2017-10-25T09:49:17.784Z"}
{"level":"info","message":"Wed Oct 25 2017 17:49:17 GMT+0800 (CST) Executing (default): SHOW INDEX FROM `Users`","timestamp":"2017-10-25T09:49:17.788Z"}
{"level":"info","message":"Wed Oct 25 2017 17:49:17 GMT+0800 (CST) Executing (default): CREATE TABLE IF NOT EXISTS `Tasks` (`id` INTEGER auto_increment , `title` VARCHAR(255) NOT NULL, `done` TINYINT(1) NOT NULL DEFAULT false, `created_at` DATETIME NOT NULL, `updated_at` DATETIME NOT NULL, `user_id` INTEGER, PRIMARY KEY (`id`), FOREIGN KEY (`user_id`) REFERENCES `Users` (`id`) ON DELETE SET NULL ON UPDATE CASCADE) ENGINE=InnoDB;","timestamp":"2017-10-25T09:49:17.793Z"}
{"level":"info","message":"Wed Oct 25 2017 17:49:17 GMT+0800 (CST) Executing (default): SHOW INDEX FROM `Tasks`","timestamp":"2017-10-25T09:49:17.794Z"}
{"level":"info","message":"Wed Oct 25 2017 22:16:05 GMT+0800 (CST) Executing (default): CREATE TABLE IF NOT EXISTS `tasks` (`id` INTEGER NOT NULL auto_increment , `title` VARCHAR(255), `description` TEXT, `deadline` DATETIME, `created_at` DATETIME NOT NULL, `updated_at` DATETIME NOT NULL, PRIMARY KEY (`id`)) ENGINE=InnoDB;","timestamp":"2017-10-25T14:16:05.002Z"}
{"level":"info","message":"Wed Oct 25 2017 22:16:05 GMT+0800 (CST) Executing (default): SHOW INDEX FROM `tasks`","timestamp":"2017-10-25T14:16:05.333Z"}
{"level":"info","message":"Wed Oct 25 2017 22:16:05 GMT+0800 (CST) Executing (default): CREATE TABLE IF NOT EXISTS `Users` (`id` INTEGER NOT NULL auto_increment , `created_at` DATETIME NOT NULL, `updated_at` DATETIME NOT NULL, PRIMARY KEY (`id`)) ENGINE=InnoDB;","timestamp":"2017-10-25T14:16:05.347Z"}
{"level":"info","message":"Wed Oct 25 2017 22:16:05 GMT+0800 (CST) Executing (default): SHOW INDEX FROM `Users`","timestamp":"2017-10-25T14:16:05.534Z"}
{"level":"info","message":"Wed Oct 25 2017 22:18:12 GMT+0800 (CST) Executing (default): CREATE TABLE IF NOT EXISTS `users` (`id` INTEGER NOT NULL auto_increment , `firstName` VARCHAR(255), `lastName` VARCHAR(255), `created_at` DATETIME NOT NULL, `updated_at` DATETIME NOT NULL, PRIMARY KEY (`id`)) ENGINE=InnoDB;","timestamp":"2017-10-25T14:18:12.115Z"}
{"level":"info","message":"Wed Oct 25 2017 22:18:12 GMT+0800 (CST) Executing (default): SHOW INDEX FROM `users`","timestamp":"2017-10-25T14:18:12.119Z"}
{"level":"info","message":"Wed Oct 25 2017 22:18:12 GMT+0800 (CST) Executing (default): CREATE TABLE IF NOT EXISTS `tasks` (`id` INTEGER NOT NULL auto_increment , `title` VARCHAR(255), `description` TEXT, `deadline` DATETIME, `created_at` DATETIME NOT NULL, `updated_at` DATETIME NOT NULL, PRIMARY KEY (`id`)) ENGINE=InnoDB;","timestamp":"2017-10-25T14:18:12.125Z"}
{"level":"info","message":"Wed Oct 25 2017 22:18:12 GMT+0800 (CST) Executing (default): SHOW INDEX FROM `tasks`","timestamp":"2017-10-25T14:18:12.126Z"}
{"level":"info","message":"Wed Oct 25 2017 22:18:12 GMT+0800 (CST) Executing (default): CREATE TABLE IF NOT EXISTS `Users` (`id` INTEGER NOT NULL auto_increment , `created_at` DATETIME NOT NULL, `updated_at` DATETIME NOT NULL, PRIMARY KEY (`id`)) ENGINE=InnoDB;","timestamp":"2017-10-25T14:18:12.129Z"}
{"level":"info","message":"Wed Oct 25 2017 22:18:12 GMT+0800 (CST) Executing (default): SHOW INDEX FROM `Users`","timestamp":"2017-10-25T14:18:12.130Z"}
{"level":"info","message":"Wed Oct 25 2017 22:19:24 GMT+0800 (CST) Executing (default): SELECT 1+1 AS result","timestamp":"2017-10-25T14:19:24.758Z"}
{"level":"info","message":"Wed Oct 25 2017 22:19:24 GMT+0800 (CST) Executing (default): CREATE TABLE IF NOT EXISTS `users` (`id` INTEGER NOT NULL auto_increment , `firstName` VARCHAR(255), `lastName` VARCHAR(255), `created_at` DATETIME NOT NULL, `updated_at` DATETIME NOT NULL, PRIMARY KEY (`id`)) ENGINE=InnoDB;","timestamp":"2017-10-25T14:19:24.762Z"}
{"level":"info","message":"Wed Oct 25 2017 22:19:24 GMT+0800 (CST) Executing (default): SHOW INDEX FROM `users`","timestamp":"2017-10-25T14:19:24.766Z"}
{"level":"info","message":"Wed Oct 25 2017 22:19:24 GMT+0800 (CST) Executing (default): CREATE TABLE IF NOT EXISTS `tasks` (`id` INTEGER NOT NULL auto_increment , `title` VARCHAR(255), `description` TEXT, `deadline` DATETIME, `created_at` DATETIME NOT NULL, `updated_at` DATETIME NOT NULL, PRIMARY KEY (`id`)) ENGINE=InnoDB;","timestamp":"2017-10-25T14:19:24.771Z"}
{"level":"info","message":"Wed Oct 25 2017 22:19:24 GMT+0800 (CST) Executing (default): SHOW INDEX FROM `tasks`","timestamp":"2017-10-25T14:19:24.772Z"}
{"level":"info","message":"Wed Oct 25 2017 22:19:24 GMT+0800 (CST) Executing (default): CREATE TABLE IF NOT EXISTS `Users` (`id` INTEGER NOT NULL auto_increment , `created_at` DATETIME NOT NULL, `updated_at` DATETIME NOT NULL, PRIMARY KEY (`id`)) ENGINE=InnoDB;","timestamp":"2017-10-25T14:19:24.774Z"}
{"level":"info","message":"Wed Oct 25 2017 22:19:24 GMT+0800 (CST) Executing (default): SHOW INDEX FROM `Users`","timestamp":"2017-10-25T14:19:24.775Z"}
{"level":"info","message":"[object Object]","timestamp":"2017-10-27T03:28:27.916Z"}
{"level":"info","message":"[object Object]","timestamp":"2017-10-27T03:28:50.069Z"}
{"level":"info","message":"[object Object]","timestamp":"2017-10-27T03:32:37.763Z"}
{"level":"info","message":"[object Object]","timestamp":"2017-10-27T03:33:16.504Z"}
{"level":"info","message":"[object Object]","timestamp":"2017-10-27T03:33:32.780Z"}
{"level":"info","message":"[object Object]","timestamp":"2017-10-27T06:40:51.441Z"}
{"level":"info","message":"[object Object]","timestamp":"2017-10-27T06:41:51.455Z"}
{"level":"info","message":"[object Object]","timestamp":"2017-10-27T07:00:58.371Z"}
{"level":"info","message":"[object Object]","timestamp":"2017-10-27T07:04:08.186Z"}
{"level":"info","message":"[object Object]","timestamp":"2017-10-27T07:04:35.636Z"}
{"level":"info","message":"[object Object]","timestamp":"2017-10-27T07:05:47.657Z"}
{"level":"info","message":"[object Object]","timestamp":"2017-10-27T07:07:22.481Z"}
{"level":"info","message":"[object Object]","timestamp":"2017-10-27T07:08:06.597Z"}
{"level":"info","message":"[object Object]","timestamp":"2017-10-27T07:09:44.042Z"}
{"level":"info","message":"[object Object]","timestamp":"2017-10-27T07:11:20.509Z"}
{"level":"info","message":"[object Object]","timestamp":"2017-10-27T07:12:09.126Z"}
{"level":"info","message":"[object Object]","timestamp":"2017-10-27T07:13:36.979Z"}
{"level":"info","message":"[object Object]","timestamp":"2017-10-27T07:18:51.109Z"}
{"level":"info","message":"[object Object]","timestamp":"2017-10-27T07:19:44.306Z"}
{"level":"info","message":"[object Object]","timestamp":"2017-10-27T07:19:57.286Z"}
{"level":"info","message":"[object Object]","timestamp":"2017-10-27T07:20:46.346Z"}
{"level":"info","message":"[object Object]","timestamp":"2017-10-27T07:21:04.780Z"}
{"level":"info","message":"[object Object]","timestamp":"2017-10-27T07:22:05.122Z"}
{"level":"info","message":"[object Object]","timestamp":"2017-10-27T07:23:13.345Z"}
{"level":"info","message":"[object Object]","timestamp":"2017-10-27T07:23:29.485Z"}
{"level":"info","message":"[object Object]","timestamp":"2017-10-27T07:23:42.504Z"}
{"level":"info","message":"[object Object]","timestamp":"2017-10-27T07:23:44.988Z"}
{"level":"info","message":"[object Object]","timestamp":"2017-10-27T07:23:46.348Z"}
{"level":"info","message":"[object Object]","timestamp":"2017-10-27T07:23:47.005Z"}
{"level":"info","message":"[object Object]","timestamp":"2017-10-27T07:23:48.422Z"}
{"level":"info","message":"[object Object]","timestamp":"2017-10-27T07:23:48.948Z"}
{"level":"info","message":"[object Object]","timestamp":"2017-10-27T07:23:49.760Z"}
{"level":"info","message":"[object Object]","timestamp":"2017-10-27T07:23:50.630Z"}
{"level":"info","message":"[object Object]","timestamp":"2017-10-27T07:23:51.455Z"}
{"level":"info","message":"[object Object]","timestamp":"2017-10-27T07:23:52.263Z"}
{"level":"info","message":"[object Object]","timestamp":"2017-10-27T07:23:53.003Z"}
{"level":"info","message":"[object Object]","timestamp":"2017-10-27T07:23:53.638Z"}
{"level":"info","message":"[object Object]","timestamp":"2017-10-27T07:23:54.077Z"}
{"level":"info","message":"[object Object]","timestamp":"2017-10-27T07:23:54.289Z"}
{"level":"info","message":"[object Object]","timestamp":"2017-10-27T07:23:54.564Z"}
{"level":"info","message":"[object Object]","timestamp":"2017-10-27T07:23:54.987Z"}
{"level":"info","message":"[object Object]","timestamp":"2017-10-27T07:23:55.184Z"}
{"level":"info","message":"[object Object]","timestamp":"2017-10-27T07:23:55.378Z"}
{"level":"info","message":"[object Object]","timestamp":"2017-10-27T07:23:55.547Z"}
{"level":"info","message":"[object Object]","timestamp":"2017-10-27T07:23:55.734Z"}
{"level":"info","message":"[object Object]","timestamp":"2017-10-27T07:23:55.901Z"}
{"level":"info","message":"[object Object]","timestamp":"2017-10-27T07:23:56.080Z"}
{"level":"info","message":"[object Object]","timestamp":"2017-10-27T07:23:56.279Z"}
{"level":"info","message":"[object Object]","timestamp":"2017-10-27T07:23:56.463Z"}
{"level":"info","message":"[object Object]","timestamp":"2017-10-27T07:23:56.632Z"}
{"level":"info","message":"[object Object]","timestamp":"2017-10-27T07:23:56.809Z"}
{"level":"info","message":"[object Object]","timestamp":"2017-10-27T07:23:57.013Z"}
{"level":"info","message":"[object Object]","timestamp":"2017-10-27T07:23:57.185Z"}
{"level":"info","message":"[object Object]","timestamp":"2017-10-27T07:23:57.350Z"}
{"level":"info","message":"[object Object]","timestamp":"2017-10-27T07:23:57.544Z"}
{"level":"info","message":"[object Object]","timestamp":"2017-10-27T07:23:57.714Z"}
{"level":"info","message":"[object Object]","timestamp":"2017-10-27T07:23:57.878Z"}
{"level":"info","message":"[object Object]","timestamp":"2017-10-27T07:23:58.070Z"}
{"level":"info","message":"[object Object]","timestamp":"2017-10-27T07:23:58.267Z"}
{"level":"info","message":"[object Object]","timestamp":"2017-10-27T07:23:58.433Z"}
{"level":"info","message":"[object Object]","timestamp":"2017-10-27T07:23:58.621Z"}
{"level":"info","message":"[object Object]","timestamp":"2017-10-27T07:23:58.805Z"}
{"level":"info","message":"[object Object]","timestamp":"2017-10-27T07:23:58.987Z"}
{"level":"info","message":"[object Object]","timestamp":"2017-10-27T07:28:03.981Z"}
{"level":"info","message":"[object Object]","timestamp":"2017-10-27T07:28:11.249Z"}
{"level":"info","message":"[object Object]","timestamp":"2017-10-27T07:28:58.144Z"}
{"level":"info","message":"[object Object]","timestamp":"2017-10-27T07:30:44.258Z"}
{"level":"info","message":"[object Object]","timestamp":"2017-10-27T07:31:26.656Z"}
{"level":"info","message":"[object Object]","timestamp":"2017-10-27T07:35:54.462Z"}
{"level":"info","message":"[object Object]","timestamp":"2017-10-27T07:38:13.570Z"}
{"level":"info","message":"[object Object]","timestamp":"2017-10-27T07:44:39.126Z"}
{"level":"info","message":"[object Object]","timestamp":"2017-10-27T07:45:00.284Z"}
{"level":"info","message":"[object Object]","timestamp":"2017-10-27T07:45:24.529Z"}
{"level":"info","message":"[object Object]","timestamp":"2017-10-27T07:45:44.316Z"}
{"level":"info","message":"[object Object]","timestamp":"2017-10-27T07:45:45.731Z"}
{"level":"info","message":"[object Object]","timestamp":"2017-10-27T07:45:57.028Z"}
{"level":"info","message":"[object Object]","timestamp":"2017-10-27T07:46:07.482Z"}
{"level":"info","message":"[object Object]","timestamp":"2017-10-27T07:46:32.068Z"}
{"level":"info","message":"[object Object]","timestamp":"2017-10-27T07:50:05.116Z"}
{"level":"info","message":"[object Object]","timestamp":"2017-10-27T07:50:56.579Z"}
{"level":"info","message":"[object Object]","timestamp":"2017-10-27T07:52:22.567Z"}
{"level":"info","message":"[object Object]","timestamp":"2017-10-27T07:52:23.800Z"}
{"level":"info","message":"[object Object]","timestamp":"2017-10-27T07:52:24.689Z"}
{"level":"info","message":"[object Object]","timestamp":"2017-10-27T07:52:25.290Z"}
{"level":"info","message":"[object Object]","timestamp":"2017-10-27T07:52:34.082Z"}
{"level":"info","message":"[object Object]","timestamp":"2017-10-27T07:52:34.938Z"}
{"level":"info","message":"[object Object]","timestamp":"2017-10-27T07:52:35.165Z"}
{"level":"info","message":"[object Object]","timestamp":"2017-10-27T07:52:35.347Z"}
{"level":"info","message":"[object Object]","timestamp":"2017-10-27T07:52:35.560Z"}
{"level":"info","message":"[object Object]","timestamp":"2017-10-27T07:52:42.923Z"}
{"level":"info","message":"[object Object]","timestamp":"2017-10-27T07:52:46.771Z"}
{"level":"info","message":"[object Object]","timestamp":"2017-10-27T07:52:59.540Z"}
{"level":"info","message":"[object Object]","timestamp":"2017-10-27T07:53:25.512Z"}
{"level":"info","message":"[object Object]","timestamp":"2017-10-27T07:54:02.087Z"}
{"level":"info","message":"[object Object]","timestamp":"2017-10-27T07:54:33.266Z"}
{"level":"info","message":"[object Object]","timestamp":"2017-10-27T07:54:34.409Z"}
{"level":"info","message":"[object Object]","timestamp":"2017-10-27T07:54:35.032Z"}
{"level":"info","message":"[object Object]","timestamp":"2017-10-27T07:54:35.292Z"}
{"level":"info","message":"[object Object]","timestamp":"2017-10-27T07:54:35.558Z"}
{"level":"info","message":"[object Object]","timestamp":"2017-10-27T07:54:35.802Z"}
{"level":"info","message":"[object Object]","timestamp":"2017-10-27T07:54:42.004Z"}
{"level":"info","message":"[object Object]","timestamp":"2017-10-27T07:54:58.650Z"}
{"level":"info","message":"[object Object]","timestamp":"2017-10-27T07:55:09.262Z"}
{"level":"info","message":"[object Object]","timestamp":"2017-10-27T07:55:28.239Z"}
{"level":"info","message":"[object Object]","timestamp":"2017-10-27T07:55:31.207Z"}
{"level":"info","message":"[object Object]","timestamp":"2017-10-27T07:55:36.494Z"}
{"level":"info","message":"[object Object]","timestamp":"2017-10-27T07:56:42.665Z"}
{"level":"info","message":"[object Object]","timestamp":"2017-10-27T07:56:44.730Z"}
{"level":"info","message":"[object Object]","timestamp":"2017-10-27T07:56:56.907Z"}
{"level":"info","message":"[object Object]","timestamp":"2017-10-27T07:57:12.704Z"}
{"level":"info","message":"[object Object]","timestamp":"2017-10-27T07:58:10.004Z"}
{"level":"info","message":"[object Object]","timestamp":"2017-10-27T07:59:17.712Z"}
{"level":"info","message":"[object Object]","timestamp":"2017-10-27T09:17:32.982Z"}
{"level":"info","message":"[object Object]","timestamp":"2017-10-27T09:24:15.711Z"}
{"level":"info","message":"[object Object]","timestamp":"2017-10-27T09:25:18.126Z"}
